Build started 24-Apr-14 11:47:05 AM.
     1>Project "G:\Project ID 1 - Side-Scroller Game\HelloSFML\HelloSFML.vcxproj" on node 2 (rebuild target(s)).
     1>_PrepareForClean:
         Deleting file "Release\HelloSFML.lastbuildstate".
       InitializeBuildStatus:
         Touching "Release\HelloSFML.unsuccessfulbuild".
       ClCompile:
         C:\Program Files (x86)\Microsoft Visual Studio 10.0\VC\bin\CL.exe /c /IC:\box2d\Box2D /IC:\sfml\include /Zi /nologo /W3 /WX- /O2 /Oi /Oy- /GL /D WIN32 /D NDEBUG /D _CONSOLE /D _UNICODE /D UNICODE /Gm- /EHsc /MD /GS /Gy /fp:precise /Zc:wchar_t /Zc:forScope /Fo"Release\\" /Fd"Release\vc100.pdb" /Gd /TP /analyze- /errorReport:prompt AnimatedSprite.cpp Animation.cpp Ball.cpp Bomb.cpp BombParticle.cpp Box.cpp Coin.cpp CollisionListener.cpp Enemy.cpp EntityType.cpp Game.cpp GameObject.cpp Health.cpp JointPlatform.cpp Level1.cpp main.cpp MathHelper.cpp Player.cpp Projectile.cpp Ranger.cpp reference.cpp Score.cpp SFMLDebugDraw.cpp SpikeBall.cpp State.cpp StaticPlatform.cpp SwingSpikeBall.cpp Wheel.cpp
         AnimatedSprite.cpp
         Animation.cpp
         Ball.cpp
     1>g:\project id 1 - side-scroller game\hellosfml\Ball.h(2): fatal error C1083: Cannot open include file: 'Box2D/Box2D.h': No such file or directory
         Bomb.cpp
     1>g:\project id 1 - side-scroller game\hellosfml\Bomb.h(2): fatal error C1083: Cannot open include file: 'Box2D/Box2D.h': No such file or directory
         BombParticle.cpp
     1>g:\project id 1 - side-scroller game\hellosfml\BombParticle.h(2): fatal error C1083: Cannot open include file: 'Box2D/Box2D.h': No such file or directory
         Box.cpp
     1>g:\project id 1 - side-scroller game\hellosfml\box.h(3): fatal error C1083: Cannot open include file: 'Box2D/Box2D.h': No such file or directory
         Coin.cpp
     1>g:\project id 1 - side-scroller game\hellosfml\Coin.h(4): fatal error C1083: Cannot open include file: 'Box2D/Box2D.h': No such file or directory
         CollisionListener.cpp
     1>g:\project id 1 - side-scroller game\hellosfml\CollisionListener.h(4): fatal error C1083: Cannot open include file: 'Box2D\Box2D.h': No such file or directory
         Enemy.cpp
     1>g:\project id 1 - side-scroller game\hellosfml\GameCharacter.h(3): fatal error C1083: Cannot open include file: 'Box2D/Box2D.h': No such file or directory
         EntityType.cpp
         Game.cpp
     1>g:\project id 1 - side-scroller game\hellosfml\Ball.h(2): fatal error C1083: Cannot open include file: 'Box2D/Box2D.h': No such file or directory
         GameObject.cpp
         Health.cpp
         JointPlatform.cpp
     1>g:\project id 1 - side-scroller game\hellosfml\JointPlatform.h(2): fatal error C1083: Cannot open include file: 'Box2D/Box2D.h': No such file or directory
         Level1.cpp
     1>g:\project id 1 - side-scroller game\hellosfml\SFMLDebugDraw.h(20): fatal error C1083: Cannot open include file: 'Box2D/Box2D.h': No such file or directory
         main.cpp
     1>main.cpp(2): fatal error C1083: Cannot open include file: 'Box2D/Box2D.h': No such file or directory
         MathHelper.cpp
     1>g:\project id 1 - side-scroller game\hellosfml\MathHelper.h(5): fatal error C1083: Cannot open include file: 'Box2D/Box2D.h': No such file or directory
         Player.cpp
     1>g:\project id 1 - side-scroller game\hellosfml\GameCharacter.h(3): fatal error C1083: Cannot open include file: 'Box2D/Box2D.h': No such file or directory
         Projectile.cpp
     1>g:\project id 1 - side-scroller game\hellosfml\Projectile.h(2): fatal error C1083: Cannot open include file: 'Box2D/Box2D.h': No such file or directory
         Ranger.cpp
     1>g:\project id 1 - side-scroller game\hellosfml\GameCharacter.h(3): fatal error C1083: Cannot open include file: 'Box2D/Box2D.h': No such file or directory
         Compiling...
         reference.cpp
         Score.cpp
     1>g:\project id 1 - side-scroller game\hellosfml\SFMLDebugDraw.h(20): fatal error C1083: Cannot open include file: 'Box2D/Box2D.h': No such file or directory
         SFMLDebugDraw.cpp
     1>g:\project id 1 - side-scroller game\hellosfml\SFMLDebugDraw.h(20): fatal error C1083: Cannot open include file: 'Box2D/Box2D.h': No such file or directory
         SpikeBall.cpp
     1>g:\project id 1 - side-scroller game\hellosfml\ball.h(2): fatal error C1083: Cannot open include file: 'Box2D/Box2D.h': No such file or directory
         State.cpp
     1>g:\project id 1 - side-scroller game\hellosfml\SFMLDebugDraw.h(20): fatal error C1083: Cannot open include file: 'Box2D/Box2D.h': No such file or directory
         StaticPlatform.cpp
     1>g:\project id 1 - side-scroller game\hellosfml\StaticPlatform.h(2): fatal error C1083: Cannot open include file: 'Box2D/Box2D.h': No such file or directory
         SwingSpikeBall.cpp
     1>g:\project id 1 - side-scroller game\hellosfml\SwingSpikeBall.h(2): fatal error C1083: Cannot open include file: 'Box2D/Box2D.h': No such file or directory
         Wheel.cpp
     1>g:\project id 1 - side-scroller game\hellosfml\Ball.h(2): fatal error C1083: Cannot open include file: 'Box2D/Box2D.h': No such file or directory
     1>Done Building Project "G:\Project ID 1 - Side-Scroller Game\HelloSFML\HelloSFML.vcxproj" (rebuild target(s)) -- FAILED.

Build FAILED.

Time Elapsed 00:00:13.69
